#
# There is insufficient memory for the Java Runtime Environment to continue.
# Native memory allocation (malloc) failed to allocate 1048576 bytes. Error detail: AllocateHeap
# Possible reasons:
#   The system is out of physical RAM or swap space
#   This process is running with CompressedOops enabled, and the Java Heap may be blocking the growth of the native heap
# Possible solutions:
#   Reduce memory load on the system
#   Increase physical memory or swap space
#   Check if swap backing store is full
#   Decrease Java heap size (-Xmx/-Xms)
#   Decrease number of Java threads
#   Decrease Java thread stack sizes (-Xss)
#   Set larger code cache with -XX:ReservedCodeCacheSize=
#   JVM is running with Unscaled Compressed Oops mode in which the Java heap is
#     placed in the first 4GB address space. The Java Heap base address is the
#     maximum limit for the native heap growth. Please use -XX:HeapBaseMinAddress
#     to set the Java Heap base and to place the Java Heap above 4GB virtual address.
# This output file may be truncated or incomplete.
#
#  Out of Memory Error (allocation.cpp:44), pid=26476, tid=21452
#
# JRE version: OpenJDK Runtime Environment Temurin-21.0.8+9 (21.0.8+9) (build 21.0.8+9-LTS)
# Java VM: OpenJDK 64-Bit Server VM Temurin-21.0.8+9 (21.0.8+9-LTS, mixed mode, sharing, tiered, compressed oops, compressed class ptrs, parallel gc, windows-amd64)
# No core dump will be written. Minidumps are not enabled by default on client versions of Windows
#

---------------  S U M M A R Y ------------

Command Line: --add-modules=ALL-SYSTEM --add-opens=java.base/java.util=ALL-UNNAMED --add-opens=java.base/java.lang=ALL-UNNAMED --add-opens=java.base/sun.nio.fs=ALL-UNNAMED -Declipse.application=org.eclipse.jdt.ls.core.id1 -Dosgi.bundles.defaultStartLevel=4 -Declipse.product=org.eclipse.jdt.ls.core.product -Djava.import.generatesMetadataFilesAtProjectRoot=false -DDetectVMInstallationsJob.disabled=true -Dfile.encoding=utf8 -XX:+UseParallelGC -XX:GCTimeRatio=4 -XX:AdaptiveSizePolicyWeight=90 -Dsun.zip.disableMemoryMapping=true -Xmx2G -Xms100m -Xlog:disable -javaagent:c:\Users\Admin\.vscode\extensions\redhat.java-1.45.0-win32-x64\lombok\lombok-1.18.39-4050.jar -XX:+HeapDumpOnOutOfMemoryError -XX:HeapDumpPath=c:\Users\Admin\AppData\Roaming\Code\User\workspaceStorage\c47cfcb17554545e058dc63c19390513\redhat.java -Daether.dependencyCollector.impl=bf c:\Users\Admin\.vscode\extensions\redhat.java-1.45.0-win32-x64\server\plugins\org.eclipse.equinox.launcher_1.7.0.v20250519-0528.jar -configuration c:\Users\Admin\AppData\Roaming\Code\User\globalStorage\redhat.java\1.45.0\config_win -data c:\Users\Admin\AppData\Roaming\Code\User\workspaceStorage\c47cfcb17554545e058dc63c19390513\redhat.java\jdt_ws --pipe=\\.\pipe\lsp-b5e56292832e4e5fcb354af8aee03155-sock

Host: 11th Gen Intel(R) Core(TM) i5-1135G7 @ 2.40GHz, 8 cores, 7G,  Windows 11 , 64 bit Build 26100 (10.0.26100.5074)
Time: Thu Sep 18 22:02:45 2025 Afr. centrale Ouest elapsed time: 3342.047281 seconds (0d 0h 55m 42s)

---------------  T H R E A D  ---------------

Current thread (0x00000229febf3560):  JavaThread "Attach Listener" daemon [_thread_in_vm, id=21452, stack(0x000000fea1900000,0x000000fea1a00000) (1024K)]

Stack: [0x000000fea1900000,0x000000fea1a00000]
Native frames: (J=compiled Java code, j=interpreted, Vv=VM code, C=native code)
V  [jvm.dll+0x6d2449]
V  [jvm.dll+0x8ae341]
V  [jvm.dll+0x8b08be]
V  [jvm.dll+0x8b0fa3]
V  [jvm.dll+0x280c96]
V  [jvm.dll+0xc0347]
V  [jvm.dll+0x6d2cf9]
V  [jvm.dll+0x131116]
V  [jvm.dll+0x3f2d16]
V  [jvm.dll+0x857e6b]
V  [jvm.dll+0x6d0b0d]
C  [ucrtbase.dll+0x37b0]
C  [KERNEL32.DLL+0x2e8d7]
C  [ntdll.dll+0x8d9c]


---------------  P R O C E S S  ---------------

Threads class SMR info:
_java_thread_list=0x00000229cd5b92d0, length=36, elements={
0x00000229ec18c8c0, 0x00000229febe8f00, 0x00000229febeb320, 0x00000229febf2f00,
0x00000229febf3560, 0x00000229febf4fc0, 0x00000229febf5a10, 0x00000229c557b870,
0x00000229c5595d80, 0x00000229c5667710, 0x00000229c5799610, 0x00000229ca3fe1d0,
0x00000229ca9df900, 0x00000229ca844860, 0x00000229ca200d00, 0x00000229ca726050,
0x00000229ca723f80, 0x00000229ca724ca0, 0x00000229ca725330, 0x00000229cb54f060,
0x00000229cb552b70, 0x00000229cb550410, 0x00000229cb54f6f0, 0x00000229cb553200,
0x00000229cb550aa0, 0x00000229cb54fd80, 0x00000229cb553890, 0x00000229cb551130,
0x00000229cb5545b0, 0x00000229cb555ff0, 0x00000229cb556680, 0x00000229cb5552d0,
0x00000229cb215900, 0x00000229cb211df0, 0x00000229cb216620, 0x00000229cb212480
}

Java Threads: ( => current thread )
  0x00000229ec18c8c0 JavaThread "main"                              [_thread_blocked, id=4276, stack(0x000000fea1200000,0x000000fea1300000) (1024K)]
  0x00000229febe8f00 JavaThread "Reference Handler"          daemon [_thread_blocked, id=5976, stack(0x000000fea1600000,0x000000fea1700000) (1024K)]
  0x00000229febeb320 JavaThread "Finalizer"                  daemon [_thread_blocked, id=12548, stack(0x000000fea1700000,0x000000fea1800000) (1024K)]
  0x00000229febf2f00 JavaThread "Signal Dispatcher"          daemon [_thread_blocked, id=20812, stack(0x000000fea1800000,0x000000fea1900000) (1024K)]
=>0x00000229febf3560 JavaThread "Attach Listener"            daemon [_thread_in_vm, id=21452, stack(0x000000fea1900000,0x000000fea1a00000) (1024K)]
  0x00000229febf4fc0 JavaThread "Service Thread"             daemon [_thread_blocked, id=22376, stack(0x000000fea1a00000,0x000000fea1b00000) (1024K)]
  0x00000229febf5a10 JavaThread "Monitor Deflation Thread"   daemon [_thread_blocked, id=28056, stack(0x000000fea1b00000,0x000000fea1c00000) (1024K)]
  0x00000229c557b870 JavaThread "C2 CompilerThread0"         daemon [_thread_blocked, id=25356, stack(0x000000fea1c00000,0x000000fea1d00000) (1024K)]
  0x00000229c5595d80 JavaThread "C1 CompilerThread0"         daemon [_thread_blocked, id=31628, stack(0x000000fea1d00000,0x000000fea1e00000) (1024K)]
  0x00000229c5667710 JavaThread "Common-Cleaner"             daemon [_thread_blocked, id=13560, stack(0x000000fea1e00000,0x000000fea1f00000) (1024K)]
  0x00000229c5799610 JavaThread "Notification Thread"        daemon [_thread_blocked, id=13424, stack(0x000000fea2000000,0x000000fea2100000) (1024K)]
  0x00000229ca3fe1d0 JavaThread "Active Thread: Equinox Container: d40eb4f4-2327-4000-9712-2642faf591e6"        [_thread_blocked, id=15048, stack(0x000000fea2700000,0x000000fea2800000) (1024K)]
  0x00000229ca9df900 JavaThread "Refresh Thread: Equinox Container: d40eb4f4-2327-4000-9712-2642faf591e6" daemon [_thread_blocked, id=23892, stack(0x000000fea1f00000,0x000000fea2000000) (1024K)]
  0x00000229ca844860 JavaThread "Framework Event Dispatcher: Equinox Container: d40eb4f4-2327-4000-9712-2642faf591e6" daemon [_thread_blocked, id=6444, stack(0x000000fea2900000,0x000000fea2a00000) (1024K)]
  0x00000229ca200d00 JavaThread "Start Level: Equinox Container: d40eb4f4-2327-4000-9712-2642faf591e6" daemon [_thread_blocked, id=20992, stack(0x000000fea2a00000,0x000000fea2b00000) (1024K)]
  0x00000229ca726050 JavaThread "Bundle File Closer"         daemon [_thread_blocked, id=17520, stack(0x000000fea2b00000,0x000000fea2c00000) (1024K)]
  0x00000229ca723f80 JavaThread "SCR Component Actor"        daemon [_thread_blocked, id=1352, stack(0x000000fea1000000,0x000000fea1100000) (1024K)]
  0x00000229ca724ca0 JavaThread "Worker-JM"                         [_thread_blocked, id=32200, stack(0x000000fea2e00000,0x000000fea2f00000) (1024K)]
  0x00000229ca725330 JavaThread "JNA Cleaner"                daemon [_thread_blocked, id=11592, stack(0x000000fea2f00000,0x000000fea3000000) (1024K)]
  0x00000229cb54f060 JavaThread "Java indexing"              daemon [_thread_blocked, id=3484, stack(0x000000fea3300000,0x000000fea3400000) (1024K)]
  0x00000229cb552b70 JavaThread "Thread-2"                   daemon [_thread_in_native, id=18680, stack(0x000000fea3a00000,0x000000fea3b00000) (1024K)]
  0x00000229cb550410 JavaThread "Thread-3"                   daemon [_thread_in_native, id=27916, stack(0x000000fea3b00000,0x000000fea3c00000) (1024K)]
  0x00000229cb54f6f0 JavaThread "Thread-4"                   daemon [_thread_in_native, id=26828, stack(0x000000fea3c00000,0x000000fea3d00000) (1024K)]
  0x00000229cb553200 JavaThread "Thread-5"                   daemon [_thread_in_native, id=2040, stack(0x000000fea3d00000,0x000000fea3e00000) (1024K)]
  0x00000229cb550aa0 JavaThread "Thread-6"                   daemon [_thread_in_native, id=28380, stack(0x000000fea3e00000,0x000000fea3f00000) (1024K)]
  0x00000229cb54fd80 JavaThread "Thread-7"                   daemon [_thread_in_native, id=31672, stack(0x000000fea3f00000,0x000000fea4000000) (1024K)]
  0x00000229cb553890 JavaThread "Thread-8"                   daemon [_thread_in_native, id=21136, stack(0x000000fea4000000,0x000000fea4100000) (1024K)]
  0x00000229cb551130 JavaThread "Thread-9"                   daemon [_thread_in_native, id=4448, stack(0x000000fea4100000,0x000000fea4200000) (1024K)]
  0x00000229cb5545b0 JavaThread "Thread-10"                  daemon [_thread_in_native, id=11436, stack(0x000000fea4200000,0x000000fea4300000) (1024K)]
  0x00000229cb555ff0 JavaThread "pool-2-thread-1"                   [_thread_blocked, id=29072, stack(0x000000fea4300000,0x000000fea4400000) (1024K)]
  0x00000229cb556680 JavaThread "WorkspaceEventsHandler"            [_thread_blocked, id=30944, stack(0x000000fea4400000,0x000000fea4500000) (1024K)]
  0x00000229cb5552d0 JavaThread "pool-1-thread-1"                   [_thread_blocked, id=18264, stack(0x000000fea4500000,0x000000fea4600000) (1024K)]
  0x00000229cb215900 JavaThread "Cleaner-0"                  daemon [_thread_blocked, id=10608, stack(0x000000fea4f00000,0x000000fea5000000) (1024K)]
  0x00000229cb211df0 JavaThread "Worker-20"                         [_thread_blocked, id=24424, stack(0x000000fea2d00000,0x000000fea2e00000) (1024K)]
  0x00000229cb216620 JavaThread "Worker-25"                         [_thread_blocked, id=32408, stack(0x000000fea3500000,0x000000fea3600000) (1024K)]
  0x00000229cb212480 JavaThread "Worker-28"                         [_thread_blocked, id=22700, stack(0x000000fea1100000,0x000000fea1200000) (1024K)]
Total: 36

Other Threads:
  0x00000229ec20db80 VMThread "VM Thread"                           [id=16080, stack(0x000000fea1500000,0x000000fea1600000) (1024K)]
  0x00000229ec1f9ff0 WatcherThread "VM Periodic Task Thread"        [id=9160, stack(0x000000fea1400000,0x000000fea1500000) (1024K)]
  0x00000229ec1aafc0 WorkerThread "GC Thread#0"                     [id=10936, stack(0x000000fea1300000,0x000000fea1400000) (1024K)]
  0x00000229ca9783e0 WorkerThread "GC Thread#1"                     [id=18520, stack(0x000000fea2100000,0x000000fea2200000) (1024K)]
  0x00000229ca978780 WorkerThread "GC Thread#2"                     [id=32136, stack(0x000000fea2200000,0x000000fea2300000) (1024K)]
  0x00000229ca978b20 WorkerThread "GC Thread#3"                     [id=7312, stack(0x000000fea2300000,0x000000fea2400000) (1024K)]
  0x00000229ca978ec0 WorkerThread "GC Thread#4"                     [id=5784, stack(0x000000fea2400000,0x000000fea2500000) (1024K)]
  0x00000229ca979260 WorkerThread "GC Thread#5"                     [id=31168, stack(0x000000fea2500000,0x000000fea2600000) (1024K)]
  0x00000229ca9e7850 WorkerThread "GC Thread#6"                     [id=16604, stack(0x000000fea2600000,0x000000fea2700000) (1024K)]
  0x00000229ca8b5460 WorkerThread "GC Thread#7"                     [id=23684, stack(0x000000fea2800000,0x000000fea2900000) (1024K)]
Total: 10

Threads with active compile tasks:
Total: 0

VM state: not at safepoint (normal execution)

VM Mutex/Monitor currently owned by a thread: None

Heap address: 0x0000000080000000, size: 2048 MB, Compressed Oops mode: 32-bit

CDS archive(s) mapped at: [0x0000022984000000-0x0000022984ba0000-0x0000022984ba0000), size 12189696, SharedBaseAddress: 0x0000022984000000, ArchiveRelocationMode: 1.
Compressed class space mapped at: 0x0000022985000000-0x00000229c5000000, reserved size: 1073741824
Narrow klass base: 0x0000022984000000, Narrow klass shift: 0, Narrow klass range: 0x100000000

GC Precious Log:
 CardTable entry size: 512
 CPUs: 8 total, 8 available
 Memory: 7975M
 Large Page Support: Disabled
 NUMA Support: Disabled
 Compressed Oops: Enabled (32-bit)
 Alignments: Space 512K, Generation 512K, Heap 2M
 Heap Min Capacity: 100M
 Heap Initial Capacity: 100M
 Heap Max Capacity: 2G
 Pre-touch: Disabled
 Parallel Workers: 8

Heap:
 PSYoungGen      total 5632K, used 3843K [0x00000000d5580000, 0x00000000d5c00000, 0x0000000100000000)
  eden space 4608K, 64% used [0x00000000d5580000,0x00000000d5868d18,0x00000000d5a00000)
  from space 1024K, 84% used [0x00000000d5b00000,0x00000000d5bd8000,0x00000000d5c00000)
  to   space 1024K, 0% used [0x00000000d5a00000,0x00000000d5a00000,0x00000000d5b00000)
 ParOldGen       total 584704K, used 380805K [0x0000000080000000, 0x00000000a3b00000, 0x00000000d5580000)
  object space 584704K, 65% used [0x0000000080000000,0x00000000973e17b0,0x00000000a3b00000)
 Metaspace       used 83874K, committed 85440K, reserved 1179648K
  class space    used 8518K, committed 9216K, reserved 1048576K

Card table byte_map: [0x00000229ebb10000,0x00000229ebf20000] _byte_map_base: 0x00000229eb710000

Marking Bits: (ParMarkBitMap*) 0x00007ffd0f86a340
 Begin Bits: [0x0000022980000000, 0x0000022982000000)
 End Bits:   [0x0000022982000000, 0x0000022984000000)

Polling page: 0x00000229ea000000

Metaspace:

Usage:
  Non-class:     73.59 MB used.
      Class:      8.32 MB used.
       Both:     81.91 MB used.

Virtual space:
  Non-class space:      128.00 MB reserved,      74.44 MB ( 58%) committed,  2 nodes.
      Class space:        1.00 GB reserved,       9.00 MB ( <1%) committed,  1 nodes.
             Both:        1.12 GB reserved,      83.44 MB (  7%) committed. 

Chunk freelists:
   Non-Class:  4.97 MB
       Class:  6.82 MB
        Both:  11.78 MB

MaxMetaspaceSize: unlimited
CompressedClassSpaceSize: 1.00 GB
Initial GC threshold: 21.00 MB
Current GC threshold: 137.50 MB
CDS: on
 - commit_granule_bytes: 65536.
 - commit_granule_words: 8192.
 - virtual_space_node_default_size: 8388608.
 - enlarge_chunks_in_place: 1.
 - use_allocation_guard: 0.


Internal statistics:

num_allocs_failed_limit: 9.
num_arena_births: 1486.
num_arena_deaths: 18.
num_vsnodes_births: 3.
num_vsnodes_deaths: 0.
num_space_committed: 1334.
num_space_uncommitted: 0.
num_chunks_returned_to_freelist: 29.
num_chunks_taken_from_freelist: 5460.
num_chunk_merges: 10.
num_chunk_splits: 3281.
num_chunks_enlarged: 1810.
num_inconsistent_stats: 0.

CodeHeap 'non-profiled nmethods': size=120000Kb used=18689Kb max_used=19627Kb free=101310Kb
 bounds [0x00000229f6e20000, 0x00000229f8150000, 0x00000229fe350000]
CodeHeap 'profiled nmethods': size=120000Kb used=40621Kb max_used=51101Kb free=79378Kb
 bounds [0x00000229ef350000, 0x00000229f2540000, 0x00000229f6880000]
CodeHeap 'non-nmethods': size=5760Kb used=1521Kb max_used=1631Kb free=4238Kb
 bounds [0x00000229f6880000, 0x00000229f6af0000, 0x00000229f6e20000]
CodeCache: size=245760Kb, used=60831Kb, max_used=72359Kb, free=184926Kb
 total_blobs=17642, nmethods=16812, adapters=729, full_count=0
Compilation: enabled, stopped_count=0, restarted_count=0

Compilation events (20 events):
Event: 3316.907 Thread 0x00000229c5595d80 21831       3       java.io.FilterOutputStream::<init> (21 bytes)
Event: 3316.909 Thread 0x00000229c5595d80 nmethod 21831 0x00000229eff3c190 code [0x00000229eff3c340, 0x00000229eff3c5f0]
Event: 3316.939 Thread 0x00000229c5595d80 21832       3       java.lang.ClassValue::getCacheCarefully (20 bytes)
Event: 3316.943 Thread 0x00000229c5595d80 nmethod 21832 0x00000229ef78f510 code [0x00000229ef78f6c0, 0x00000229ef78f848]
Event: 3316.944 Thread 0x00000229c5595d80 21835       3       java.io.ObjectOutputStream$BlockDataOutputStream::drain (45 bytes)
Event: 3316.944 Thread 0x00000229c5595d80 nmethod 21835 0x00000229eff71e10 code [0x00000229eff71fe0, 0x00000229eff722a8]
Event: 3316.944 Thread 0x00000229c5595d80 21833       3       java.lang.ClassValue$ClassValueMap::probeHomeLocation (13 bytes)
Event: 3316.950 Thread 0x00000229c5595d80 nmethod 21833 0x00000229effe2c10 code [0x00000229effe2dc0, 0x00000229effe3018]
Event: 3316.950 Thread 0x00000229c5595d80 21834       3       java.lang.ClassValue::match (21 bytes)
Event: 3316.952 Thread 0x00000229c5595d80 nmethod 21834 0x00000229efb28190 code [0x00000229efb28340, 0x00000229efb28570]
Event: 3316.965 Thread 0x00000229c557b870 21836       4       java.io.DataOutputStream::writeByte (14 bytes)
Event: 3316.980 Thread 0x00000229c5595d80 21837       3       org.eclipse.core.internal.resources.MarkerWriter::snap (153 bytes)
Event: 3317.127 Thread 0x00000229c5595d80 nmethod 21837 0x00000229f0ce8190 code [0x00000229f0ce8580, 0x00000229f0cea378]
Event: 3317.127 Thread 0x00000229c5595d80 21838       3       org.eclipse.core.internal.resources.SyncInfoWriter::snapSyncInfo (157 bytes)
Event: 3317.151 Thread 0x00000229c557b870 nmethod 21836 0x00000229f77c2990 code [0x00000229f77c2be0, 0x00000229f77c3208]
Event: 3317.163 Thread 0x00000229c5595d80 nmethod 21838 0x00000229ef5af410 code [0x00000229ef5af900, 0x00000229ef5b23c8]
Event: 3317.254 Thread 0x00000229c5595d80 21839       1       org.eclipse.core.internal.resources.ModelObject::setName (6 bytes)
Event: 3317.255 Thread 0x00000229c5595d80 nmethod 21839 0x00000229f6f79d90 code [0x00000229f6f79f20, 0x00000229f6f7a000]
Event: 3317.277 Thread 0x00000229c5595d80 21840       3       org.eclipse.core.internal.events.ResourceChangeEvent::<init> (27 bytes)
Event: 3317.285 Thread 0x00000229c5595d80 nmethod 21840 0x00000229ef9cbb90 code [0x00000229ef9cbd60, 0x00000229ef9cc078]

GC Heap History (20 events):
Event: 3016.461 GC heap before
{Heap before GC invocations=1598 (full 5):
 PSYoungGen      total 3584K, used 3456K [0x00000000d5580000, 0x00000000d5a00000, 0x0000000100000000)
  eden space 3072K, 100% used [0x00000000d5580000,0x00000000d5880000,0x00000000d5880000)
  from space 512K, 75% used [0x00000000d5980000,0x00000000d59e0000,0x00000000d5a00000)
  to   space 512K, 0% used [0x00000000d5900000,0x00000000d5900000,0x00000000d5980000)
 ParOldGen       total 584704K, used 367053K [0x0000000080000000, 0x00000000a3b00000, 0x00000000d5580000)
  object space 584704K, 62% used [0x0000000080000000,0x0000000096673510,0x00000000a3b00000)
 Metaspace       used 83357K, committed 84928K, reserved 1179648K
  class space    used 8449K, committed 9152K, reserved 1048576K
}
Event: 3016.480 GC heap after
{Heap after GC invocations=1598 (full 5):
 PSYoungGen      total 3584K, used 486K [0x00000000d5580000, 0x00000000d5f80000, 0x0000000100000000)
  eden space 3072K, 0% used [0x00000000d5580000,0x00000000d5580000,0x00000000d5880000)
  from space 512K, 95% used [0x00000000d5900000,0x00000000d5979a70,0x00000000d5980000)
  to   space 3584K, 0% used [0x00000000d5c00000,0x00000000d5c00000,0x00000000d5f80000)
 ParOldGen       total 584704K, used 369627K [0x0000000080000000, 0x00000000a3b00000, 0x00000000d5580000)
  object space 584704K, 63% used [0x0000000080000000,0x00000000968f6fa0,0x00000000a3b00000)
 Metaspace       used 83357K, committed 84928K, reserved 1179648K
  class space    used 8449K, committed 9152K, reserved 1048576K
}
Event: 3016.494 GC heap before
{Heap before GC invocations=1599 (full 5):
 PSYoungGen      total 3584K, used 3558K [0x00000000d5580000, 0x00000000d5f80000, 0x0000000100000000)
  eden space 3072K, 99% used [0x00000000d5580000,0x00000000d587fff8,0x00000000d5880000)
  from space 512K, 95% used [0x00000000d5900000,0x00000000d5979a70,0x00000000d5980000)
  to   space 3584K, 0% used [0x00000000d5c00000,0x00000000d5c00000,0x00000000d5f80000)
 ParOldGen       total 584704K, used 369627K [0x0000000080000000, 0x00000000a3b00000, 0x00000000d5580000)
  object space 584704K, 63% used [0x0000000080000000,0x00000000968f6fa0,0x00000000a3b00000)
 Metaspace       used 83357K, committed 84928K, reserved 1179648K
  class space    used 8449K, committed 9152K, reserved 1048576K
}
Event: 3016.504 GC heap after
{Heap after GC invocations=1599 (full 5):
 PSYoungGen      total 6144K, used 2800K [0x00000000d5580000, 0x00000000d5f00000, 0x0000000100000000)
  eden space 3072K, 0% used [0x00000000d5580000,0x00000000d5580000,0x00000000d5880000)
  from space 3072K, 91% used [0x00000000d5c00000,0x00000000d5ebc000,0x00000000d5f00000)
  to   space 3072K, 0% used [0x00000000d5900000,0x00000000d5900000,0x00000000d5c00000)
 ParOldGen       total 584704K, used 370393K [0x0000000080000000, 0x00000000a3b00000, 0x00000000d5580000)
  object space 584704K, 63% used [0x0000000080000000,0x00000000969b6480,0x00000000a3b00000)
 Metaspace       used 83357K, committed 84928K, reserved 1179648K
  class space    used 8449K, committed 9152K, reserved 1048576K
}
Event: 3016.538 GC heap before
{Heap before GC invocations=1600 (full 5):
 PSYoungGen      total 6144K, used 5872K [0x00000000d5580000, 0x00000000d5f00000, 0x0000000100000000)
  eden space 3072K, 100% used [0x00000000d5580000,0x00000000d5880000,0x00000000d5880000)
  from space 3072K, 91% used [0x00000000d5c00000,0x00000000d5ebc000,0x00000000d5f00000)
  to   space 3072K, 0% used [0x00000000d5900000,0x00000000d5900000,0x00000000d5c00000)
 ParOldGen       total 584704K, used 370393K [0x0000000080000000, 0x00000000a3b00000, 0x00000000d5580000)
  object space 584704K, 63% used [0x0000000080000000,0x00000000969b6480,0x00000000a3b00000)
 Metaspace       used 83357K, committed 84928K, reserved 1179648K
  class space    used 8449K, committed 9152K, reserved 1048576K
}
Event: 3016.561 GC heap after
{Heap after GC invocations=1600 (full 5):
 PSYoungGen      total 6656K, used 3032K [0x00000000d5580000, 0x00000000d6080000, 0x0000000100000000)
  eden space 3584K, 0% used [0x00000000d5580000,0x00000000d5580000,0x00000000d5900000)
  from space 3072K, 98% used [0x00000000d5900000,0x00000000d5bf63e0,0x00000000d5c00000)
  to   space 3584K, 0% used [0x00000000d5d00000,0x00000000d5d00000,0x00000000d6080000)
 ParOldGen       total 584704K, used 372753K [0x0000000080000000, 0x00000000a3b00000, 0x00000000d5580000)
  object space 584704K, 63% used [0x0000000080000000,0x0000000096c04480,0x00000000a3b00000)
 Metaspace       used 83357K, committed 84928K, reserved 1179648K
  class space    used 8449K, committed 9152K, reserved 1048576K
}
Event: 3016.648 GC heap before
{Heap before GC invocations=1601 (full 5):
 PSYoungGen      total 6656K, used 6616K [0x00000000d5580000, 0x00000000d6080000, 0x0000000100000000)
  eden space 3584K, 100% used [0x00000000d5580000,0x00000000d5900000,0x00000000d5900000)
  from space 3072K, 98% used [0x00000000d5900000,0x00000000d5bf63e0,0x00000000d5c00000)
  to   space 3584K, 0% used [0x00000000d5d00000,0x00000000d5d00000,0x00000000d6080000)
 ParOldGen       total 584704K, used 372753K [0x0000000080000000, 0x00000000a3b00000, 0x00000000d5580000)
  object space 584704K, 63% used [0x0000000080000000,0x0000000096c04480,0x00000000a3b00000)
 Metaspace       used 83357K, committed 84928K, reserved 1179648K
  class space    used 8449K, committed 9152K, reserved 1048576K
}
Event: 3016.664 GC heap after
{Heap after GC invocations=1601 (full 5):
 PSYoungGen      total 7680K, used 2515K [0x00000000d5580000, 0x00000000d6000000, 0x0000000100000000)
  eden space 4608K, 0% used [0x00000000d5580000,0x00000000d5580000,0x00000000d5a00000)
  from space 3072K, 81% used [0x00000000d5d00000,0x00000000d5f74ea0,0x00000000d6000000)
  to   space 3072K, 0% used [0x00000000d5a00000,0x00000000d5a00000,0x00000000d5d00000)
 ParOldGen       total 584704K, used 375698K [0x0000000080000000, 0x00000000a3b00000, 0x00000000d5580000)
  object space 584704K, 64% used [0x0000000080000000,0x0000000096ee4870,0x00000000a3b00000)
 Metaspace       used 83357K, committed 84928K, reserved 1179648K
  class space    used 8449K, committed 9152K, reserved 1048576K
}
Event: 3016.897 GC heap before
{Heap before GC invocations=1602 (full 5):
 PSYoungGen      total 7680K, used 7123K [0x00000000d5580000, 0x00000000d6000000, 0x0000000100000000)
  eden space 4608K, 99% used [0x00000000d5580000,0x00000000d59fffc8,0x00000000d5a00000)
  from space 3072K, 81% used [0x00000000d5d00000,0x00000000d5f74ea0,0x00000000d6000000)
  to   space 3072K, 0% used [0x00000000d5a00000,0x00000000d5a00000,0x00000000d5d00000)
 ParOldGen       total 584704K, used 375698K [0x0000000080000000, 0x00000000a3b00000, 0x00000000d5580000)
  object space 584704K, 64% used [0x0000000080000000,0x0000000096ee4870,0x00000000a3b00000)
 Metaspace       used 83360K, committed 84928K, reserved 1179648K
  class space    used 8449K, committed 9152K, reserved 1048576K
}
Event: 3016.917 GC heap after
{Heap after GC invocations=1602 (full 5):
 PSYoungGen      total 6656K, used 1568K [0x00000000d5580000, 0x00000000d5e00000, 0x0000000100000000)
  eden space 4608K, 0% used [0x00000000d5580000,0x00000000d5580000,0x00000000d5a00000)
  from space 2048K, 76% used [0x00000000d5a00000,0x00000000d5b88030,0x00000000d5c00000)
  to   space 2048K, 0% used [0x00000000d5c00000,0x00000000d5c00000,0x00000000d5e00000)
 ParOldGen       total 584704K, used 378100K [0x0000000080000000, 0x00000000a3b00000, 0x00000000d5580000)
  object space 584704K, 64% used [0x0000000080000000,0x000000009713d100,0x00000000a3b00000)
 Metaspace       used 83360K, committed 84928K, reserved 1179648K
  class space    used 8449K, committed 9152K, reserved 1048576K
}
Event: 3017.051 GC heap before
{Heap before GC invocations=1603 (full 5):
 PSYoungGen      total 6656K, used 6176K [0x00000000d5580000, 0x00000000d5e00000, 0x0000000100000000)
  eden space 4608K, 100% used [0x00000000d5580000,0x00000000d5a00000,0x00000000d5a00000)
  from space 2048K, 76% used [0x00000000d5a00000,0x00000000d5b88030,0x00000000d5c00000)
  to   space 2048K, 0% used [0x00000000d5c00000,0x00000000d5c00000,0x00000000d5e00000)
 ParOldGen       total 584704K, used 378100K [0x0000000080000000, 0x00000000a3b00000, 0x00000000d5580000)
  object space 584704K, 64% used [0x0000000080000000,0x000000009713d100,0x00000000a3b00000)
 Metaspace       used 83360K, committed 84928K, reserved 1179648K
  class space    used 8449K, committed 9152K, reserved 1048576K
}
Event: 3017.063 GC heap after
{Heap after GC invocations=1603 (full 5):
 PSYoungGen      total 6656K, used 1472K [0x00000000d5580000, 0x00000000d5e00000, 0x0000000100000000)
  eden space 4608K, 0% used [0x00000000d5580000,0x00000000d5580000,0x00000000d5a00000)
  from space 2048K, 71% used [0x00000000d5c00000,0x00000000d5d70000,0x00000000d5e00000)
  to   space 2048K, 0% used [0x00000000d5a00000,0x00000000d5a00000,0x00000000d5c00000)
 ParOldGen       total 584704K, used 379497K [0x0000000080000000, 0x00000000a3b00000, 0x00000000d5580000)
  object space 584704K, 64% used [0x0000000080000000,0x000000009729a600,0x00000000a3b00000)
 Metaspace       used 83360K, committed 84928K, reserved 1179648K
  class space    used 8449K, committed 9152K, reserved 1048576K
}
Event: 3017.263 GC heap before
{Heap before GC invocations=1604 (full 5):
 PSYoungGen      total 6656K, used 6079K [0x00000000d5580000, 0x00000000d5e00000, 0x0000000100000000)
  eden space 4608K, 99% used [0x00000000d5580000,0x00000000d59ffd10,0x00000000d5a00000)
  from space 2048K, 71% used [0x00000000d5c00000,0x00000000d5d70000,0x00000000d5e00000)
  to   space 2048K, 0% used [0x00000000d5a00000,0x00000000d5a00000,0x00000000d5c00000)
 ParOldGen       total 584704K, used 379497K [0x0000000080000000, 0x00000000a3b00000, 0x00000000d5580000)
  object space 584704K, 64% used [0x0000000080000000,0x000000009729a600,0x00000000a3b00000)
 Metaspace       used 83360K, committed 84928K, reserved 1179648K
  class space    used 8449K, committed 9152K, reserved 1048576K
}
Event: 3017.267 GC heap after
{Heap after GC invocations=1604 (full 5):
 PSYoungGen      total 6144K, used 1136K [0x00000000d5580000, 0x00000000d5d00000, 0x0000000100000000)
  eden space 4608K, 0% used [0x00000000d5580000,0x00000000d5580000,0x00000000d5a00000)
  from space 1536K, 73% used [0x00000000d5a00000,0x00000000d5b1c010,0x00000000d5b80000)
  to   space 1536K, 0% used [0x00000000d5b80000,0x00000000d5b80000,0x00000000d5d00000)
 ParOldGen       total 584704K, used 380113K [0x0000000080000000, 0x00000000a3b00000, 0x00000000d5580000)
  object space 584704K, 65% used [0x0000000080000000,0x0000000097334600,0x00000000a3b00000)
 Metaspace       used 83360K, committed 84928K, reserved 1179648K
  class space    used 8449K, committed 9152K, reserved 1048576K
}
Event: 3018.011 GC heap before
{Heap before GC invocations=1605 (full 5):
 PSYoungGen      total 6144K, used 5744K [0x00000000d5580000, 0x00000000d5d00000, 0x0000000100000000)
  eden space 4608K, 100% used [0x00000000d5580000,0x00000000d5a00000,0x00000000d5a00000)
  from space 1536K, 73% used [0x00000000d5a00000,0x00000000d5b1c010,0x00000000d5b80000)
  to   space 1536K, 0% used [0x00000000d5b80000,0x00000000d5b80000,0x00000000d5d00000)
 ParOldGen       total 584704K, used 380113K [0x0000000080000000, 0x00000000a3b00000, 0x00000000d5580000)
  object space 584704K, 65% used [0x0000000080000000,0x0000000097334600,0x00000000a3b00000)
 Metaspace       used 83365K, committed 84928K, reserved 1179648K
  class space    used 8450K, committed 9152K, reserved 1048576K
}
Event: 3018.015 GC heap after
{Heap after GC invocations=1605 (full 5):
 PSYoungGen      total 5632K, used 864K [0x00000000d5580000, 0x00000000d5c80000, 0x0000000100000000)
  eden space 4608K, 0% used [0x00000000d5580000,0x00000000d5580000,0x00000000d5a00000)
  from space 1024K, 84% used [0x00000000d5b80000,0x00000000d5c58000,0x00000000d5c80000)
  to   space 1024K, 0% used [0x00000000d5a80000,0x00000000d5a80000,0x00000000d5b80000)
 ParOldGen       total 584704K, used 380421K [0x0000000080000000, 0x00000000a3b00000, 0x00000000d5580000)
  object space 584704K, 65% used [0x0000000080000000,0x0000000097381790,0x00000000a3b00000)
 Metaspace       used 83365K, committed 84928K, reserved 1179648K
  class space    used 8450K, committed 9152K, reserved 1048576K
}
Event: 3091.509 GC heap before
{Heap before GC invocations=1606 (full 5):
 PSYoungGen      total 5632K, used 5467K [0x00000000d5580000, 0x00000000d5c80000, 0x0000000100000000)
  eden space 4608K, 99% used [0x00000000d5580000,0x00000000d59fedd8,0x00000000d5a00000)
  from space 1024K, 84% used [0x00000000d5b80000,0x00000000d5c58000,0x00000000d5c80000)
  to   space 1024K, 0% used [0x00000000d5a80000,0x00000000d5a80000,0x00000000d5b80000)
 ParOldGen       total 584704K, used 380421K [0x0000000080000000, 0x00000000a3b00000, 0x00000000d5580000)
  object space 584704K, 65% used [0x0000000080000000,0x0000000097381790,0x00000000a3b00000)
 Metaspace       used 83481K, committed 85120K, reserved 1179648K
  class space    used 8466K, committed 9216K, reserved 1048576K
}
Event: 3091.643 GC heap after
{Heap after GC invocations=1606 (full 5):
 PSYoungGen      total 5120K, used 320K [0x00000000d5580000, 0x00000000d5c00000, 0x0000000100000000)
  eden space 4608K, 0% used [0x00000000d5580000,0x00000000d5580000,0x00000000d5a00000)
  from space 512K, 62% used [0x00000000d5a80000,0x00000000d5ad0020,0x00000000d5b00000)
  to   space 1024K, 0% used [0x00000000d5b00000,0x00000000d5b00000,0x00000000d5c00000)
 ParOldGen       total 584704K, used 380653K [0x0000000080000000, 0x00000000a3b00000, 0x00000000d5580000)
  object space 584704K, 65% used [0x0000000080000000,0x00000000973bb790,0x00000000a3b00000)
 Metaspace       used 83481K, committed 85120K, reserved 1179648K
  class space    used 8466K, committed 9216K, reserved 1048576K
}
Event: 3092.620 GC heap before
{Heap before GC invocations=1607 (full 5):
 PSYoungGen      total 5120K, used 4928K [0x00000000d5580000, 0x00000000d5c00000, 0x0000000100000000)
  eden space 4608K, 99% used [0x00000000d5580000,0x00000000d59ffff0,0x00000000d5a00000)
  from space 512K, 62% used [0x00000000d5a80000,0x00000000d5ad0020,0x00000000d5b00000)
  to   space 1024K, 0% used [0x00000000d5b00000,0x00000000d5b00000,0x00000000d5c00000)
 ParOldGen       total 584704K, used 380653K [0x0000000080000000, 0x00000000a3b00000, 0x00000000d5580000)
  object space 584704K, 65% used [0x0000000080000000,0x00000000973bb790,0x00000000a3b00000)
 Metaspace       used 83861K, committed 85440K, reserved 1179648K
  class space    used 8517K, committed 9216K, reserved 1048576K
}
Event: 3092.626 GC heap after
{Heap after GC invocations=1607 (full 5):
 PSYoungGen      total 5632K, used 864K [0x00000000d5580000, 0x00000000d5c00000, 0x0000000100000000)
  eden space 4608K, 0% used [0x00000000d5580000,0x00000000d5580000,0x00000000d5a00000)
  from space 1024K, 84% used [0x00000000d5b00000,0x00000000d5bd8000,0x00000000d5c00000)
  to   space 1024K, 0% used [0x00000000d5a00000,0x00000000d5a00000,0x00000000d5b00000)
 ParOldGen       total 584704K, used 380805K [0x0000000080000000, 0x00000000a3b00000, 0x00000000d5580000)
  object space 584704K, 65% used [0x0000000080000000,0x00000000973e17b0,0x00000000a3b00000)
 Metaspace       used 83861K, committed 85440K, reserved 1179648K
  class space    used 8517K, committed 9216K, reserved 1048576K
}

Dll operation events (12 events):
Event: 0.043 Loaded shared library c:\Users\Admin\.vscode\extensions\redhat.java-1.45.0-win32-x64\jre\21.0.8-win32-x86_64\bin\java.dll
Event: 0.185 Loaded shared library c:\Users\Admin\.vscode\extensions\redhat.java-1.45.0-win32-x64\jre\21.0.8-win32-x86_64\bin\zip.dll
Event: 0.212 Loaded shared library C:\Users\Admin\.vscode\extensions\redhat.java-1.45.0-win32-x64\jre\21.0.8-win32-x86_64\bin\instrument.dll
Event: 0.220 Loaded shared library C:\Users\Admin\.vscode\extensions\redhat.java-1.45.0-win32-x64\jre\21.0.8-win32-x86_64\bin\net.dll
Event: 0.225 Loaded shared library C:\Users\Admin\.vscode\extensions\redhat.java-1.45.0-win32-x64\jre\21.0.8-win32-x86_64\bin\nio.dll
Event: 0.229 Loaded shared library C:\Users\Admin\.vscode\extensions\redhat.java-1.45.0-win32-x64\jre\21.0.8-win32-x86_64\bin\zip.dll
Event: 0.265 Loaded shared library C:\Users\Admin\.vscode\extensions\redhat.java-1.45.0-win32-x64\jre\21.0.8-win32-x86_64\bin\jimage.dll
Event: 0.430 Loaded shared library c:\Users\Admin\.vscode\extensions\redhat.java-1.45.0-win32-x64\jre\21.0.8-win32-x86_64\bin\verify.dll
Event: 11.931 Loaded shared library C:\Users\Admin\AppData\Roaming\Code\User\globalStorage\redhat.java\1.45.0\config_win\org.eclipse.equinox.launcher\org.eclipse.equinox.launcher.win32.win32.x86_64_1.2.1400.v20250801-0854\eclipse_11916.dll
Event: 37.579 Loaded shared library C:\Users\Admin\AppData\Local\Temp\jna-63116079\jna1673118836713245333.dll
Event: 40.935 Loaded shared library C:\Users\Admin\.vscode\extensions\redhat.java-1.45.0-win32-x64\jre\21.0.8-win32-x86_64\bin\sunmscapi.dll
Event: 41.512 Loaded shared library C:\Users\Admin\.vscode\extensions\redhat.java-1.45.0-win32-x64\jre\21.0.8-win32-x86_64\bin\extnet.dll

Deoptimization events (20 events):
Event: 3091.787 Thread 0x00000229cb212480 Uncommon trap: trap_request=0xfffffff4 fr.pc=0x00000229f75d6940 relative=0x0000000000000100
Event: 3091.787 Thread 0x00000229cb212480 Uncommon trap: reason=null_check action=make_not_entrant pc=0x00000229f75d6940 method=org.eclipse.jdt.internal.core.JavaProject.equals(Ljava/lang/Object;)Z @ 8 c2
Event: 3091.787 Thread 0x00000229cb212480 DEOPT PACKING pc=0x00000229f75d6940 sp=0x000000fea30fe700
Event: 3091.787 Thread 0x00000229cb212480 DEOPT UNPACKING pc=0x00000229f68d6da2 sp=0x000000fea30fe698 mode 2
Event: 3091.908 Thread 0x00000229cb212480 Uncommon trap: trap_request=0xffffffde fr.pc=0x00000229f78258e0 relative=0x0000000000000480
Event: 3091.908 Thread 0x00000229cb212480 Uncommon trap: reason=class_check action=maybe_recompile pc=0x00000229f78258e0 method=java.util.Spliterators$IteratorSpliterator.tryAdvance(Ljava/util/function/Consumer;)Z @ 50 c2
Event: 3091.908 Thread 0x00000229cb212480 DEOPT PACKING pc=0x00000229f78258e0 sp=0x000000fea30fe1a0
Event: 3091.908 Thread 0x00000229cb212480 DEOPT UNPACKING pc=0x00000229f68d6da2 sp=0x000000fea30fe180 mode 2
Event: 3092.633 Thread 0x00000229cb212480 Uncommon trap: trap_request=0xffffff45 fr.pc=0x00000229f7c08568 relative=0x0000000000001708
Event: 3092.633 Thread 0x00000229cb212480 Uncommon trap: reason=unstable_if action=reinterpret pc=0x00000229f7c08568 method=org.eclipse.jdt.internal.compiler.lookup.LookupEnvironment.askForType(Lorg/eclipse/jdt/internal/compiler/lookup/PackageBinding;[CLorg/eclipse/jdt/internal/compiler/lookup/Mo
Event: 3092.633 Thread 0x00000229cb212480 DEOPT PACKING pc=0x00000229f7c08568 sp=0x000000fea30fded0
Event: 3092.633 Thread 0x00000229cb212480 DEOPT UNPACKING pc=0x00000229f68d6da2 sp=0x000000fea30fde60 mode 2
Event: 3092.647 Thread 0x00000229cb212480 Uncommon trap: trap_request=0xffffffc6 fr.pc=0x00000229f741a6fc relative=0x00000000000009dc
Event: 3092.648 Thread 0x00000229cb212480 Uncommon trap: reason=bimorphic_or_optimized_type_check action=maybe_recompile pc=0x00000229f741a6fc method=org.eclipse.jdt.internal.compiler.parser.Parser.consumeToken(Lorg/eclipse/jdt/internal/compiler/parser/TerminalToken;)V @ 853 c2
Event: 3092.648 Thread 0x00000229cb212480 DEOPT PACKING pc=0x00000229f741a6fc sp=0x000000fea30fdb50
Event: 3092.648 Thread 0x00000229cb212480 DEOPT UNPACKING pc=0x00000229f68d6da2 sp=0x000000fea30fdae0 mode 2
Event: 3092.648 Thread 0x00000229cb212480 Uncommon trap: trap_request=0xffffffc6 fr.pc=0x00000229f741a6fc relative=0x00000000000009dc
Event: 3092.648 Thread 0x00000229cb212480 Uncommon trap: reason=bimorphic_or_optimized_type_check action=maybe_recompile pc=0x00000229f741a6fc method=org.eclipse.jdt.internal.compiler.parser.Parser.consumeToken(Lorg/eclipse/jdt/internal/compiler/parser/TerminalToken;)V @ 853 c2
Event: 3092.648 Thread 0x00000229cb212480 DEOPT PACKING pc=0x00000229f741a6fc sp=0x000000fea30fdb50
Event: 3092.648 Thread 0x00000229cb212480 DEOPT UNPACKING pc=0x00000229f68d6da2 sp=0x000000fea30fdae0 mode 2

Classes loaded (20 events):
Event: 166.008 Loading class java/util/AbstractList$SubList$1
Event: 166.008 Loading class java/util/AbstractList$SubList$1 done
Event: 345.762 Loading class java/util/stream/Nodes$CollectorTask$OfRef
Event: 345.764 Loading class java/util/stream/Nodes$CollectorTask
Event: 345.766 Loading class java/util/stream/Nodes$CollectorTask done
Event: 345.766 Loading class java/util/stream/Nodes$CollectorTask$OfRef done
Event: 345.801 Loading class java/util/function/LongFunction
Event: 345.802 Loading class java/util/function/LongFunction done
Event: 345.805 Loading class java/util/stream/Nodes$ConcNode
Event: 345.806 Loading class java/util/stream/Nodes$AbstractConcNode
Event: 345.807 Loading class java/util/stream/Nodes$AbstractConcNode done
Event: 345.807 Loading class java/util/stream/Nodes$ConcNode done
Event: 345.866 Loading class java/io/ObjectOutputStream$BlockDataOutputStream
Event: 345.868 Loading class java/io/ObjectOutputStream$BlockDataOutputStream done
Event: 345.868 Loading class java/io/ObjectOutputStream$HandleTable
Event: 345.869 Loading class java/io/ObjectOutputStream$HandleTable done
Event: 345.869 Loading class java/io/ObjectOutputStream$ReplaceTable
Event: 345.870 Loading class java/io/ObjectOutputStream$ReplaceTable done
Event: 3017.567 Loading class java/nio/channels/CompletionHandler
Event: 3017.583 Loading class java/nio/channels/CompletionHandler done

Classes unloaded (9 events):
Event: 38.186 Thread 0x00000229ec20db80 Unloading class 0x00000229851a4800 'java/lang/invoke/LambdaForm$MH+0x00000229851a4800'
Event: 38.186 Thread 0x00000229ec20db80 Unloading class 0x00000229851a4400 'java/lang/invoke/LambdaForm$MH+0x00000229851a4400'
Event: 38.186 Thread 0x00000229ec20db80 Unloading class 0x00000229851a4000 'java/lang/invoke/LambdaForm$MH+0x00000229851a4000'
Event: 38.186 Thread 0x00000229ec20db80 Unloading class 0x00000229851a3c00 'java/lang/invoke/LambdaForm$MH+0x00000229851a3c00'
Event: 38.186 Thread 0x00000229ec20db80 Unloading class 0x00000229851a3800 'java/lang/invoke/LambdaForm$BMH+0x00000229851a3800'
Event: 38.186 Thread 0x00000229ec20db80 Unloading class 0x00000229851a3400 'java/lang/invoke/LambdaForm$DMH+0x00000229851a3400'
Event: 38.186 Thread 0x00000229ec20db80 Unloading class 0x00000229851a2000 'java/lang/invoke/LambdaForm$DMH+0x00000229851a2000'
Event: 105.528 Thread 0x00000229ec20db80 Unloading class 0x0000022985768800 'java/lang/invoke/LambdaForm$MH+0x0000022985768800'
Event: 105.529 Thread 0x00000229ec20db80 Unloading class 0x0000022985768000 'java/lang/invoke/LambdaForm$MH+0x0000022985768000'

Classes redefined (0 events):
No events

Internal exceptions (20 events):
Event: 2239.145 Thread 0x00000229cb54f060 Exception <a 'sun/nio/fs/WindowsException'{0x00000000d572c850}> (0x00000000d572c850) 
thrown [s\src\hotspot\share\prims\jni.cpp, line 520]
Event: 2239.204 Thread 0x00000229cb54f060 Exception <a 'sun/nio/fs/WindowsException'{0x00000000d582ff48}> (0x00000000d582ff48) 
thrown [s\src\hotspot\share\prims\jni.cpp, line 520]
Event: 2268.721 Thread 0x00000229cb54f060 Exception <a 'sun/nio/fs/WindowsException'{0x00000000d57567c0}> (0x00000000d57567c0) 
thrown [s\src\hotspot\share\prims\jni.cpp, line 520]
Event: 2268.776 Thread 0x00000229cb54f060 Exception <a 'sun/nio/fs/WindowsException'{0x00000000d5658f08}> (0x00000000d5658f08) 
thrown [s\src\hotspot\share\prims\jni.cpp, line 520]
Event: 2366.863 Thread 0x00000229cb54f060 Exception <a 'sun/nio/fs/WindowsException'{0x00000000d58ac138}> (0x00000000d58ac138) 
thrown [s\src\hotspot\share\prims\jni.cpp, line 520]
Event: 2367.107 Thread 0x00000229cb54f060 Exception <a 'sun/nio/fs/WindowsException'{0x00000000d5662138}> (0x00000000d5662138) 
thrown [s\src\hotspot\share\prims\jni.cpp, line 520]
Event: 2506.626 Thread 0x00000229cb214be0 Exception <a 'sun/nio/fs/WindowsException'{0x00000000d57319d8}> (0x00000000d57319d8) 
thrown [s\src\hotspot\share\prims\jni.cpp, line 520]
Event: 2506.628 Thread 0x00000229cb214be0 Exception <a 'sun/nio/fs/WindowsException'{0x00000000d573a0e8}> (0x00000000d573a0e8) 
thrown [s\src\hotspot\share\prims\jni.cpp, line 520]
Event: 2520.181 Thread 0x00000229cb54f060 Exception <a 'sun/nio/fs/WindowsException'{0x00000000d57bc768}> (0x00000000d57bc768) 
thrown [s\src\hotspot\share\prims\jni.cpp, line 520]
Event: 2520.395 Thread 0x00000229cb54f060 Exception <a 'sun/nio/fs/WindowsException'{0x00000000d57fcbd0}> (0x00000000d57fcbd0) 
thrown [s\src\hotspot\share\prims\jni.cpp, line 520]
Event: 2746.212 Thread 0x00000229cb54f060 Exception <a 'sun/nio/fs/WindowsException'{0x00000000d57119e8}> (0x00000000d57119e8) 
thrown [s\src\hotspot\share\prims\jni.cpp, line 520]
Event: 2746.479 Thread 0x00000229cb54f060 Exception <a 'sun/nio/fs/WindowsException'{0x00000000d57088d0}> (0x00000000d57088d0) 
thrown [s\src\hotspot\share\prims\jni.cpp, line 520]
Event: 2820.463 Thread 0x00000229cb216620 Exception <a 'sun/nio/fs/WindowsException'{0x00000000d56f7ad0}> (0x00000000d56f7ad0) 
thrown [s\src\hotspot\share\prims\jni.cpp, line 520]
Event: 2820.464 Thread 0x00000229cb216620 Exception <a 'sun/nio/fs/WindowsException'{0x00000000d56f8710}> (0x00000000d56f8710) 
thrown [s\src\hotspot\share\prims\jni.cpp, line 520]
Event: 3016.171 Thread 0x00000229cb54f060 Exception <a 'sun/nio/fs/WindowsException'{0x00000000d5801980}> (0x00000000d5801980) 
thrown [s\src\hotspot\share\prims\jni.cpp, line 520]
Event: 3016.595 Thread 0x00000229cb54f060 Exception <a 'sun/nio/fs/WindowsException'{0x00000000d57d2f40}> (0x00000000d57d2f40) 
thrown [s\src\hotspot\share\prims\jni.cpp, line 520]
Event: 3091.305 Thread 0x00000229cb212480 Exception <a 'java/lang/NoSuchMethodError'{0x00000000d5969e68}: 'java.lang.Object java.lang.invoke.DirectMethodHandle$Holder.invokeStaticInit(java.lang.Object, java.lang.Object, java.lang.Object)'> (0x00000000d5969e68) 
thrown [s\src\hotspot\share\interpreter\linkResolver.cpp, line 773]
Event: 3091.787 Thread 0x00000229cb212480 Implicit null exception at 0x00000229f75d6897 to 0x00000229f75d6931
Event: 3316.857 Thread 0x00000229cb216620 Exception <a 'sun/nio/fs/WindowsException'{0x00000000d5843150}> (0x00000000d5843150) 
thrown [s\src\hotspot\share\prims\jni.cpp, line 520]
Event: 3316.864 Thread 0x00000229cb216620 Exception <a 'sun/nio/fs/WindowsException'{0x00000000d5843db0}> (0x00000000d5843db0) 
thrown [s\src\hotspot\share\prims\jni.cpp, line 520]

ZGC Phase Switch (0 events):
No events

VM Operations (20 events):
Event: 3093.629 Executing VM operation: Cleanup
Event: 3093.630 Executing VM operation: Cleanup done
Event: 3127.690 Executing VM operation: HandshakeAllThreads (HandshakeForDeflation)
Event: 3127.690 Executing VM operation: HandshakeAllThreads (HandshakeForDeflation) done
Event: 3127.690 Executing VM operation: RendezvousGCThreads
Event: 3127.690 Executing VM operation: RendezvousGCThreads done
Event: 3187.745 Executing VM operation: HandshakeAllThreads (HandshakeForDeflation)
Event: 3187.745 Executing VM operation: HandshakeAllThreads (HandshakeForDeflation) done
Event: 3187.745 Executing VM operation: RendezvousGCThreads
Event: 3187.746 Executing VM operation: RendezvousGCThreads done
Event: 3247.884 Executing VM operation: HandshakeAllThreads (HandshakeForDeflation)
Event: 3247.884 Executing VM operation: HandshakeAllThreads (HandshakeForDeflation) done
Event: 3247.885 Executing VM operation: RendezvousGCThreads
Event: 3247.885 Executing VM operation: RendezvousGCThreads done
Event: 3308.105 Executing VM operation: HandshakeAllThreads (HandshakeForDeflation)
Event: 3308.107 Executing VM operation: HandshakeAllThreads (HandshakeForDeflation) done
Event: 3308.107 Executing VM operation: RendezvousGCThreads
Event: 3308.107 Executing VM operation: RendezvousGCThreads done
Event: 3317.200 Executing VM operation: Cleanup
Event: 3317.201 Executing VM operation: Cleanup done

Memory protections (0 events):
No events

Nmethod flushes (20 events):
Event: 380.905 Thread 0x00000229ec20db80 flushing  nmethod 0x00000229f12d5f90
Event: 380.905 Thread 0x00000229ec20db80 flushing  nmethod 0x00000229f12d8f10
Event: 380.905 Thread 0x00000229ec20db80 flushing  nmethod 0x00000229f13b8f10
Event: 380.905 Thread 0x00000229ec20db80 flushing osr nmethod 0x00000229f141af10
Event: 380.905 Thread 0x00000229ec20db80 flushing  nmethod 0x00000229f143d510
Event: 380.905 Thread 0x00000229ec20db80 flushing  nmethod 0x00000229f1462890
Event: 380.905 Thread 0x00000229ec20db80 flushing  nmethod 0x00000229f146a990
Event: 380.905 Thread 0x00000229ec20db80 flushing  nmethod 0x00000229f148b510
Event: 380.905 Thread 0x00000229ec20db80 flushing  nmethod 0x00000229f14aae90
Event: 380.905 Thread 0x00000229ec20db80 flushing  nmethod 0x00000229f14b1690
Event: 380.905 Thread 0x00000229ec20db80 flushing  nmethod 0x00000229f14b3c90
Event: 380.905 Thread 0x00000229ec20db80 flushing  nmethod 0x00000229f14be110
Event: 380.905 Thread 0x00000229ec20db80 flushing  nmethod 0x00000229f14bfb10
Event: 380.905 Thread 0x00000229ec20db80 flushing  nmethod 0x00000229f14c1610
Event: 380.905 Thread 0x00000229ec20db80 flushing  nmethod 0x00000229f14c1c90
Event: 380.905 Thread 0x00000229ec20db80 flushing  nmethod 0x00000229f14c2b90
Event: 380.905 Thread 0x00000229ec20db80 flushing  nmethod 0x00000229f14da910
Event: 380.905 Thread 0x00000229ec20db80 flushing  nmethod 0x00000229f14ecd10
Event: 380.905 Thread 0x00000229ec20db80 flushing  nmethod 0x00000229f1509410
Event: 380.905 Thread 0x00000229ec20db80 flushing  nmethod 0x00000229f1540c10

Events (20 events):
Event: 3016.141 Thread 0x00000229cb5552d0 Thread added: 0x00000229cb212480
Event: 3016.144 Thread 0x00000229cb5552d0 Thread added: 0x00000229cb214550
Event: 3016.388 Thread 0x00000229cb216620 Thread added: 0x00000229cb214be0
Event: 3016.563 Thread 0x00000229cb216620 Thread added: 0x00000229cb212b10
Event: 3016.723 Thread 0x00000229cb216620 Thread added: 0x00000229cb216cb0
Event: 3046.545 Thread 0x00000229cb2131a0 Thread exited: 0x00000229cb2131a0
Event: 3077.290 Thread 0x00000229cb216cb0 Thread exited: 0x00000229cb216cb0
Event: 3078.059 Thread 0x00000229cb214550 Thread exited: 0x00000229cb214550
Event: 3091.472 Thread 0x00000229cb212480 Thread added: 0x00000229cb2131a0
Event: 3098.000 Thread 0x00000229cb213ec0 Thread exited: 0x00000229cb213ec0
Event: 3098.000 Thread 0x00000229cb214be0 Thread exited: 0x00000229cb214be0
Event: 3152.770 Thread 0x00000229cb212480 Thread exited: 0x00000229cb212480
Event: 3212.851 Thread 0x00000229cb215270 Thread exited: 0x00000229cb215270
Event: 3272.810 Thread 0x00000229cb2131a0 Thread exited: 0x00000229cb2131a0
Event: 3316.739 Thread 0x00000229cb216620 Thread added: 0x00000229cb214be0
Event: 3316.739 Thread 0x00000229cb212b10 Thread exited: 0x00000229cb212b10
Event: 3316.789 Thread 0x00000229cb214be0 Thread exited: 0x00000229cb214be0
Event: 3316.887 Thread 0x00000229cb216620 Thread added: 0x00000229cb212b10
Event: 3316.890 Thread 0x00000229cb212b10 Thread exited: 0x00000229cb212b10
Event: 3317.157 Thread 0x00000229cb211df0 Thread added: 0x00000229cb212480


Dynamic libraries:
0x00007ff7e25e0000 - 0x00007ff7e25ee000 	c:\Users\Admin\.vscode\extensions\redhat.java-1.45.0-win32-x64\jre\21.0.8-win32-x86_64\bin\java.exe
0x00007ffd74c20000 - 0x00007ffd74e89000 	C:\WINDOWS\SYSTEM32\ntdll.dll
0x00007ffd73130000 - 0x00007ffd731f9000 	C:\WINDOWS\System32\KERNEL32.DLL
0x00007ffd721d0000 - 0x00007ffd725c3000 	C:\WINDOWS\System32\KERNELBASE.dll
0x00007ffd727c0000 - 0x00007ffd7290b000 	C:\WINDOWS\System32\ucrtbase.dll
0x00007ffd62d20000 - 0x00007ffd62d38000 	c:\Users\Admin\.vscode\extensions\redhat.java-1.45.0-win32-x64\jre\21.0.8-win32-x86_64\bin\jli.dll
0x00007ffd72f60000 - 0x00007ffd73124000 	C:\WINDOWS\System32\USER32.dll
0x00007ffd71d80000 - 0x00007ffd71da7000 	C:\WINDOWS\System32\win32u.dll
0x00007ffd74740000 - 0x00007ffd7476b000 	C:\WINDOWS\System32\GDI32.dll
0x00007ffd72690000 - 0x00007ffd727bd000 	C:\WINDOWS\System32\gdi32full.dll
0x00007ffd72910000 - 0x00007ffd729b3000 	C:\WINDOWS\System32\msvcp_win.dll
0x00007ffd5ae40000 - 0x00007ffd5b0d3000 	C:\WINDOWS\WinSxS\amd64_microsoft.windows.common-controls_6595b64144ccf1df_6.0.26100.5074_none_3e0d6f78e32fd63f\COMCTL32.dll
0x00007ffd74270000 - 0x00007ffd74319000 	C:\WINDOWS\System32\msvcrt.dll
0x00007ffd62dc0000 - 0x00007ffd62dde000 	c:\Users\Admin\.vscode\extensions\redhat.java-1.45.0-win32-x64\jre\21.0.8-win32-x86_64\bin\VCRUNTIME140.dll
0x00007ffd74700000 - 0x00007ffd7472f000 	C:\WINDOWS\System32\IMM32.DLL
0x0000000076780000 - 0x000000007678c000 	C:\Program Files (x86)\360\Total Security\safemon\SafeWrapper.dll
0x00007ffd74af0000 - 0x00007ffd74ba4000 	C:\WINDOWS\System32\ADVAPI32.dll
0x00007ffd72c00000 - 0x00007ffd72ca6000 	C:\WINDOWS\System32\sechost.dll
0x00007ffd74420000 - 0x00007ffd74538000 	C:\WINDOWS\System32\RPCRT4.dll
0x00007ffcff440000 - 0x00007ffcff4ec000 	C:\Program Files (x86)\360\Total Security\safemon\libzdtp64.dll
0x00007ffd73b20000 - 0x00007ffd7426d000 	C:\WINDOWS\System32\SHELL32.dll
0x00007ffd71db0000 - 0x00007ffd71f1c000 	C:\WINDOWS\System32\wintypes.dll
0x00007ffd74770000 - 0x00007ffd74aeb000 	C:\WINDOWS\System32\combase.dll
0x00007ffd72ef0000 - 0x00007ffd72f52000 	C:\WINDOWS\System32\SHLWAPI.dll
0x00007ffd71880000 - 0x00007ffd7188b000 	C:\WINDOWS\SYSTEM32\VERSION.dll
0x00007ffd6ca70000 - 0x00007ffd6ca7c000 	c:\Users\Admin\.vscode\extensions\redhat.java-1.45.0-win32-x64\jre\21.0.8-win32-x86_64\bin\vcruntime140_1.dll
0x00007ffd5f280000 - 0x00007ffd5f30d000 	c:\Users\Admin\.vscode\extensions\redhat.java-1.45.0-win32-x64\jre\21.0.8-win32-x86_64\bin\msvcp140.dll
0x00007ffd0ebb0000 - 0x00007ffd0f947000 	c:\Users\Admin\.vscode\extensions\redhat.java-1.45.0-win32-x64\jre\21.0.8-win32-x86_64\bin\server\jvm.dll
0x00007ffd74350000 - 0x00007ffd743c4000 	C:\WINDOWS\System32\WS2_32.dll
0x00007ffd71be0000 - 0x00007ffd71c3e000 	C:\WINDOWS\SYSTEM32\POWRPROF.dll
0x00007ffd695f0000 - 0x00007ffd69625000 	C:\WINDOWS\SYSTEM32\WINMM.dll
0x00007ffd71bc0000 - 0x00007ffd71bd4000 	C:\WINDOWS\SYSTEM32\UMPDC.dll
0x00007ffd70ab0000 - 0x00007ffd70acb000 	C:\WINDOWS\SYSTEM32\kernel.appcore.dll
0x00007ffd61630000 - 0x00007ffd6163a000 	c:\Users\Admin\.vscode\extensions\redhat.java-1.45.0-win32-x64\jre\21.0.8-win32-x86_64\bin\jimage.dll
0x00007ffd6eff0000 - 0x00007ffd6f232000 	C:\WINDOWS\SYSTEM32\DBGHELP.DLL
0x00007ffd72cb0000 - 0x00007ffd72d87000 	C:\WINDOWS\System32\OLEAUT32.dll
0x00007ffd56920000 - 0x00007ffd5695d000 	C:\WINDOWS\SYSTEM32\dbgcore.DLL
0x00007ffd71f20000 - 0x00007ffd71fb9000 	C:\WINDOWS\System32\bcryptPrimitives.dll
0x00007ffd61410000 - 0x00007ffd6141f000 	c:\Users\Admin\.vscode\extensions\redhat.java-1.45.0-win32-x64\jre\21.0.8-win32-x86_64\bin\instrument.dll
0x00007ffd613f0000 - 0x00007ffd6140f000 	c:\Users\Admin\.vscode\extensions\redhat.java-1.45.0-win32-x64\jre\21.0.8-win32-x86_64\bin\java.dll
0x00007ffd6f930000 - 0x00007ffd70189000 	C:\WINDOWS\SYSTEM32\windows.storage.dll
0x00007ffd74540000 - 0x00007ffd74630000 	C:\WINDOWS\System32\SHCORE.dll
0x00007ffd71ca0000 - 0x00007ffd71cc9000 	C:\WINDOWS\SYSTEM32\profapi.dll
0x00007ffd60d00000 - 0x00007ffd60d18000 	c:\Users\Admin\.vscode\extensions\redhat.java-1.45.0-win32-x64\jre\21.0.8-win32-x86_64\bin\zip.dll
0x00007ffd613e0000 - 0x00007ffd613f0000 	C:\Users\Admin\.vscode\extensions\redhat.java-1.45.0-win32-x64\jre\21.0.8-win32-x86_64\bin\net.dll
0x00007ffd62670000 - 0x00007ffd6278f000 	C:\WINDOWS\SYSTEM32\WINHTTP.dll
0x00007ffd71010000 - 0x00007ffd7107b000 	C:\WINDOWS\system32\mswsock.dll
0x00007ffd5e9a0000 - 0x00007ffd5e9b6000 	C:\Users\Admin\.vscode\extensions\redhat.java-1.45.0-win32-x64\jre\21.0.8-win32-x86_64\bin\nio.dll
0x00007ffd60cf0000 - 0x00007ffd60d00000 	c:\Users\Admin\.vscode\extensions\redhat.java-1.45.0-win32-x64\jre\21.0.8-win32-x86_64\bin\verify.dll
0x00007ffd4cbe0000 - 0x00007ffd4cc24000 	C:\Users\Admin\AppData\Roaming\Code\User\globalStorage\redhat.java\1.45.0\config_win\org.eclipse.equinox.launcher\org.eclipse.equinox.launcher.win32.win32.x86_64_1.2.1400.v20250801-0854\eclipse_11916.dll
0x00007ffd73980000 - 0x00007ffd73b18000 	C:\WINDOWS\System32\ole32.dll
0x00007ffd713e0000 - 0x00007ffd713fb000 	C:\WINDOWS\SYSTEM32\CRYPTSP.dll
0x00007ffd70a10000 - 0x00007ffd70a4b000 	C:\WINDOWS\system32\rsaenh.dll
0x00007ffd710b0000 - 0x00007ffd710db000 	C:\WINDOWS\SYSTEM32\USERENV.dll
0x00007ffd71c70000 - 0x00007ffd71c96000 	C:\WINDOWS\SYSTEM32\bcrypt.dll
0x00007ffd71240000 - 0x00007ffd7124c000 	C:\WINDOWS\SYSTEM32\CRYPTBASE.dll
0x00007ffd70500000 - 0x00007ffd70534000 	C:\WINDOWS\SYSTEM32\IPHLPAPI.DLL
0x00007ffd72ee0000 - 0x00007ffd72eea000 	C:\WINDOWS\System32\NSI.dll
0x00007ffd5c660000 - 0x00007ffd5c6a9000 	C:\Users\Admin\AppData\Local\Temp\jna-63116079\jna1673118836713245333.dll
0x00007ffd72ec0000 - 0x00007ffd72ec8000 	C:\WINDOWS\System32\PSAPI.DLL
0x00007ffd63cd0000 - 0x00007ffd63cee000 	C:\WINDOWS\SYSTEM32\dhcpcsvc6.DLL
0x00007ffd63ac0000 - 0x00007ffd63ae3000 	C:\WINDOWS\SYSTEM32\dhcpcsvc.DLL
0x00007ffd61510000 - 0x00007ffd6151e000 	C:\Users\Admin\.vscode\extensions\redhat.java-1.45.0-win32-x64\jre\21.0.8-win32-x86_64\bin\sunmscapi.dll
0x00007ffd71fc0000 - 0x00007ffd72137000 	C:\WINDOWS\System32\CRYPT32.dll
0x00007ffd71530000 - 0x00007ffd71560000 	C:\WINDOWS\SYSTEM32\ncrypt.dll
0x00007ffd714e0000 - 0x00007ffd7151f000 	C:\WINDOWS\SYSTEM32\NTASN1.dll
0x00007ffd705a0000 - 0x00007ffd706c6000 	C:\WINDOWS\SYSTEM32\DNSAPI.dll
0x00007ffd693c0000 - 0x00007ffd693cb000 	C:\Windows\System32\rasadhlp.dll
0x00007ffd644d0000 - 0x00007ffd64556000 	C:\WINDOWS\System32\fwpuclnt.dll
0x00007ffd61500000 - 0x00007ffd61509000 	C:\Users\Admin\.vscode\extensions\redhat.java-1.45.0-win32-x64\jre\21.0.8-win32-x86_64\bin\extnet.dll

JVMTI agents:
c:\Users\Admin\.vscode\extensions\redhat.java-1.45.0-win32-x64\lombok\lombok-1.18.39-4050.jar path:c:\Users\Admin\.vscode\extensions\redhat.java-1.45.0-win32-x64\jre\21.0.8-win32-x86_64\bin\instrument.dll, loaded, initialized, instrumentlib options:none

dbghelp: loaded successfully - version: 4.0.5 - missing functions: none
symbol engine: initialized successfully - sym options: 0x614 - pdb path: .;c:\Users\Admin\.vscode\extensions\redhat.java-1.45.0-win32-x64\jre\21.0.8-win32-x86_64\bin;C:\WINDOWS\SYSTEM32;C:\WINDOWS\WinSxS\amd64_microsoft.windows.common-controls_6595b64144ccf1df_6.0.26100.5074_none_3e0d6f78e32fd63f;C:\Program Files (x86)\360\Total Security\safemon;c:\Users\Admin\.vscode\extensions\redhat.java-1.45.0-win32-x64\jre\21.0.8-win32-x86_64\bin\server;C:\Users\Admin\AppData\Roaming\Code\User\globalStorage\redhat.java\1.45.0\config_win\org.eclipse.equinox.launcher\org.eclipse.equinox.launcher.win32.win32.x86_64_1.2.1400.v20250801-0854;C:\Users\Admin\AppData\Local\Temp\jna-63116079

VM Arguments:
jvm_args: --add-modules=ALL-SYSTEM --add-opens=java.base/java.util=ALL-UNNAMED --add-opens=java.base/java.lang=ALL-UNNAMED --add-opens=java.base/sun.nio.fs=ALL-UNNAMED -Declipse.application=org.eclipse.jdt.ls.core.id1 -Dosgi.bundles.defaultStartLevel=4 -Declipse.product=org.eclipse.jdt.ls.core.product -Djava.import.generatesMetadataFilesAtProjectRoot=false -DDetectVMInstallationsJob.disabled=true -Dfile.encoding=utf8 -XX:+UseParallelGC -XX:GCTimeRatio=4 -XX:AdaptiveSizePolicyWeight=90 -Dsun.zip.disableMemoryMapping=true -Xmx2G -Xms100m -Xlog:disable -javaagent:c:\Users\Admin\.vscode\extensions\redhat.java-1.45.0-win32-x64\lombok\lombok-1.18.39-4050.jar -XX:+HeapDumpOnOutOfMemoryError -XX:HeapDumpPath=c:\Users\Admin\AppData\Roaming\Code\User\workspaceStorage\c47cfcb17554545e058dc63c19390513\redhat.java -Daether.dependencyCollector.impl=bf 
java_command: c:\Users\Admin\.vscode\extensions\redhat.java-1.45.0-win32-x64\server\plugins\org.eclipse.equinox.launcher_1.7.0.v20250519-0528.jar -configuration c:\Users\Admin\AppData\Roaming\Code\User\globalStorage\redhat.java\1.45.0\config_win -data c:\Users\Admin\AppData\Roaming\Code\User\workspaceStorage\c47cfcb17554545e058dc63c19390513\redhat.java\jdt_ws --pipe=\\.\pipe\lsp-b5e56292832e4e5fcb354af8aee03155-sock
java_class_path (initial): c:\Users\Admin\.vscode\extensions\redhat.java-1.45.0-win32-x64\server\plugins\org.eclipse.equinox.launcher_1.7.0.v20250519-0528.jar
Launcher Type: SUN_STANDARD

[Global flags]
    uintx AdaptiveSizePolicyWeight                 = 90                                        {product} {command line}
     intx CICompilerCount                          = 4                                         {product} {ergonomic}
    uintx GCTimeRatio                              = 4                                         {product} {command line}
     bool HeapDumpOnOutOfMemoryError               = true                                   {manageable} {command line}
    ccstr HeapDumpPath                             = c:\Users\Admin\AppData\Roaming\Code\User\workspaceStorage\c47cfcb17554545e058dc63c19390513\redhat.java         {manageable} {command line}
   size_t InitialHeapSize                          = 104857600                                 {product} {command line}
   size_t MaxHeapSize                              = 2147483648                                {product} {command line}
   size_t MaxNewSize                               = 715653120                                 {product} {ergonomic}
   size_t MinHeapDeltaBytes                        = 524288                                    {product} {ergonomic}
   size_t MinHeapSize                              = 104857600                                 {product} {command line}
   size_t NewSize                                  = 34603008                                  {product} {ergonomic}
    uintx NonNMethodCodeHeapSize                   = 5839372                                {pd product} {ergonomic}
    uintx NonProfiledCodeHeapSize                  = 122909434                              {pd product} {ergonomic}
   size_t OldSize                                  = 70254592                                  {product} {ergonomic}
    uintx ProfiledCodeHeapSize                     = 122909434                              {pd product} {ergonomic}
    uintx ReservedCodeCacheSize                    = 251658240                              {pd product} {ergonomic}
     bool SegmentedCodeCache                       = true                                      {product} {ergonomic}
   size_t SoftMaxHeapSize                          = 2147483648                             {manageable} {ergonomic}
     bool UseCompressedOops                        = true                           {product lp64_product} {ergonomic}
     bool UseLargePagesIndividualAllocation        = false                                  {pd product} {ergonomic}
     bool UseParallelGC                            = true                                      {product} {command line}

Logging:
Log output configuration:
 #0: stdout all=off uptime,level,tags foldmultilines=false
 #1: stderr all=off uptime,level,tags foldmultilines=false

Environment Variables:
JAVA_HOME=C:\Program Files\Eclipse Adoptium\jdk-17.0.13.11-hotspot\
CLASSPATH="\QTJava.zip"
PATH=C:\Program Files\Common Files\Oracle\Java\javapath;C:\Program Files\Eclipse Adoptium\jdk-17.0.13.11-hotspot\bin;C:\Program Files (x86)\Common Files\Oracle\Java\java8path;C:\Program Files (x86)\Common Files\Oracle\Java\javapath;C:\ProgramData\Oracle\Java\javapath;C:\WINDOWS\system32;C:\WINDOWS;C:\WINDOWS\System32\Wbem;C:\WINDOWS\System32\WindowsPowerShell\v1.0\;C:\WINDOWS\System32\OpenSSH\;C:\Program Files\nodejs\;C:\Program Files\Git\cmd;C:\Program Files\Git\mingw64\bin;C:\Program Files\Git\usr\bin;C:\Program Files\Docker\Docker\resources\bin;C:\Users\Admin\AppData\Local\Programs\Python\Python313\Scripts\;C:\Users\Admin\AppData\Local\Programs\Python\Python313\;C:\Users\Admin\AppData\Local\Programs\Python\Launcher\;C:\Program Files\Common Files\Oracle\Java\javapath;C:\Program Files\Eclipse Adoptium\jdk-17.0.13.11-hotspot\bin;C:\Program Files (x86)\Common Files\Oracle\Java\java8path;C:\Program Files (x86)\Common Files\Oracle\Java\javapath;C:\ProgramData\Oracle\Java\javapath;C:\WINDOWS\system32;C:\WINDOWS;C:\WINDOWS\System32\Wbem;C:\WINDOWS\System32\WindowsPowerShell\v1.0\;C:\WINDOWS\System32\OpenSSH\;C:\Program Files\nodejs\;C:\Program Files\Git\cmd;C:\Program Files\Git\mingw64\bin;C:\Program Files\Git\usr\bin;C:\Program Files\Docker\Docker\resources\bin;C:\msys64\usr\bin;C:\Users\Admin\AppData\Local\Programs\Microsoft VS Code\bin;C:\Windows\System32;C:\Windows;C:\msys64\mingw64\bin;C:\Program Files\apache-maven-3.9.9\bin;C:\Windows\System32\Wbem;C:\Windows\System32\WindowsPowerShell\v1.0\;C:\Windows\System32\WindowsPowerShell\v1.0;C:\Users\Admin\AppData\Roaming\npm;;C:\Users\Admin\AppData\Local\Microsoft\WindowsApps
USERNAME=Admin
OS=Windows_NT
PROCESSOR_IDENTIFIER=Intel64 Family 6 Model 140 Stepping 1, GenuineIntel
TMP=C:\Users\Admin\AppData\Local\Temp
TEMP=C:\Users\Admin\AppData\Local\Temp




Periodic native trim disabled

---------------  S Y S T E M  ---------------

OS:
 Windows 11 , 64 bit Build 26100 (10.0.26100.5074)
OS uptime: 5 days 15:06 hours
Hyper-V role detected

CPU: total 8 (initial active 8) (4 cores per cpu, 2 threads per core) family 6 model 140 stepping 1 microcode 0xaa, cx8, cmov, fxsr, ht, mmx, 3dnowpref, sse, sse2, sse3, ssse3, sse4.1, sse4.2, popcnt, lzcnt, tsc, tscinvbit, avx, avx2, aes, erms, clmul, bmi1, bmi2, adx, avx512f, avx512dq, avx512cd, avx512bw, avx512vl, sha, fma, vzeroupper, avx512_vpopcntdq, avx512_vpclmulqdq, avx512_vaes, avx512_vnni, clflush, clflushopt, clwb, avx512_vbmi2, avx512_vbmi, hv, rdtscp, rdpid, fsrm, gfni, avx512_bitalg, f16c, cet_ibt, cet_ss, avx512_ifma
Processor Information for the first 8 processors :
  Max Mhz: 2419, Current Mhz: 2419, Mhz Limit: 2419

Memory: 4k page, system-wide physical 7975M (802M free)
TotalPageFile size 32551M (AvailPageFile size 7M)
current process WorkingSet (physical memory assigned to process): 42M, peak: 535M
current process commit charge ("private bytes"): 957M, peak: 970M

vm_info: OpenJDK 64-Bit Server VM (21.0.8+9-LTS) for windows-amd64 JRE (21.0.8+9-LTS), built on 2025-07-15T00:00:00Z by "admin" with MS VC++ 17.7 (VS2022)

END.
